<?xml version="1.0" encoding="UTF-8"?>
<testng-results ignored="0" total="1" passed="1" failed="0" skipped="0">
  <reporter-output>
  </reporter-output>
  <suite started-at="2020-10-08T15:28:50 IST" name="Default suite" finished-at="2020-10-08T15:29:15 IST" duration-ms="25155">
    <groups>
    </groups>
    <test started-at="2020-10-08T15:28:50 IST" name="Default test" finished-at="2020-10-08T15:29:15 IST" duration-ms="25155">
      <class name="Automation_TestCases.SmokeTest_SummerDress">
        <test-method is-config="true" signature="setdriver()[pri:0, instance:Automation_TestCases.SmokeTest_SummerDress@45b9a632]" started-at="2020-10-08T15:28:27 IST" name="setdriver" finished-at="2020-10-08T15:28:50 IST" duration-ms="22552" status="PASS">
          <reporter-output>
          </reporter-output>
        </test-method> <!-- setdriver -->
        <test-method signature="SummerDress()[pri:0, instance:Automation_TestCases.SmokeTest_SummerDress@45b9a632]" started-at="2020-10-08T15:28:50 IST" name="SummerDress" finished-at="2020-10-08T15:29:15 IST" duration-ms="25088" status="PASS">
          <reporter-output>
          </reporter-output>
        </test-method> <!-- SummerDress -->
      </class> <!-- Automation_TestCases.SmokeTest_SummerDress -->
    </test> <!-- Default test -->
  </suite> <!-- Default suite -->
</testng-results>
